<?xml version="1.0" encoding="UTF-8"?>
<!-- Generated by org.testng.reporters.JUnitXMLReporter -->
<testsuite ignored="0" hostname="RAJA" failures="0" tests="6" name="ChromeTest" time="178.024" errors="0" timestamp="2025-02-14T13:14:09 IST">
  <testcase classname="demowebshop_seleniumTests.MyaccountPage_test" name="myAccount_ChPas_test" time="14.487"/>
  <testcase classname="demowebshop_seleniumTests.MyaccountPage_test" name="myAccount_ChPas_test" time="10.373"/>
  <testcase classname="demowebshop_seleniumTests.MyaccountPage_test" name="myAccount_ChPas_test" time="14.921"/>
  <testcase classname="demowebshop_seleniumTests.MyaccountPage_test" name="myAccount_ChPas_test" time="12.496"/>
  <testcase classname="demowebshop_seleniumTests.MyaccountPage_test" name="add_dlt_address" time="21.153"/>
  <testcase classname="demowebshop_seleniumTests.MyaccountPage_test" name="add_dlt_address" time="19.784"/>
</testsuite> <!-- ChromeTest -->
