<?xml version="1.0" encoding="UTF-8"?>
<!-- Generated by org.testng.reporters.JUnitXMLReporter -->
<testsuite ignored="0" hostname="RAJA" failures="0" tests="6" name="Test" time="77.674" errors="0" timestamp="2025-02-10T12:11:56 IST">
  <testcase classname="demowebshop_seleniumTests.MyaccountPage_test" name="login" time="1.653"/>
  <testcase classname="demowebshop_seleniumTests.MyaccountPage_test" name="myAccount_test" time="6.582"/>
  <testcase classname="demowebshop_seleniumTests.MyaccountPage_test" name="myAccount_test" time="6.009"/>
  <testcase classname="demowebshop_seleniumTests.MyaccountPage_test" name="myAccount_test" time="6.595"/>
  <testcase classname="demowebshop_seleniumTests.MyaccountPage_test" name="myAccount_test" time="6.053"/>
  <testcase classname="demowebshop_seleniumTests.MyaccountPage_test" name="add_address" time="10.583"/>
</testsuite> <!-- Test -->
