<?xml version="1.0" encoding="UTF-8"?>
<!-- Generated by org.testng.reporters.JUnitXMLReporter -->
<testsuite ignored="0" hostname="RAJA" failures="0" tests="6" name="ChromeTest" time="118.398" errors="0" timestamp="2025-02-14T23:17:04 IST">
  <testcase classname="demowebshop_seleniumTests.MyaccountPage_test" name="myAccount_ChPas_test" time="7.256"/>
  <testcase classname="demowebshop_seleniumTests.MyaccountPage_test" name="myAccount_ChPas_test" time="6.271"/>
  <testcase classname="demowebshop_seleniumTests.MyaccountPage_test" name="myAccount_ChPas_test" time="6.519"/>
  <testcase classname="demowebshop_seleniumTests.MyaccountPage_test" name="myAccount_ChPas_test" time="5.962"/>
  <testcase classname="demowebshop_seleniumTests.MyaccountPage_test" name="add_dlt_address" time="9.459"/>
  <testcase classname="demowebshop_seleniumTests.MyaccountPage_test" name="add_dlt_address" time="9.85"/>
</testsuite> <!-- ChromeTest -->
