<?xml version="1.0" encoding="UTF-8"?>
<testsuite xmlns:xsi="http://www.w3.org/2001/XMLSchema-instance" xsi:noNamespaceSchemaLocation="https://maven.apache.org/surefire/maven-surefire-plugin/xsd/surefire-test-report.xsd" version="3.0.1" name="TestSuite" time="125.842" tests="7" errors="0" skipped="0" failures="0">
  <properties>
[...]
</properties>
  <testcase name="myAccount_ChPas_test[New and confirm passwords mismatch, 2345643, bvhjh, bjbjb](1)" classname="demowebshop_seleniumTests.MyaccountPage_test" time="8.258">
    <system-out><![CDATA[2025-02-18T10:10:33.000703Z TestNG-tests-2 ERROR Log4j API could not find a logging provider.
New and confirm passwords mismatch:
==>The password should have at least 6 characters.
==>The new password and confirmation password do not match.
]]></system-out>
    <system-err><![CDATA[SLF4J: Failed to load class "org.slf4j.impl.StaticLoggerBinder".
SLF4J: Defaulting to no-operation (NOP) logger implementation
SLF4J: See http://www.slf4j.org/codes.html#StaticLoggerBinder for further details.
Feb 18, 2025 3:40:41 PM org.openqa.selenium.devtools.CdpVersionFinder findNearestMatch
WARNING: Unable to find an exact match for CDP version 133, returning the closest version; found: 132; Please update to a Selenium version that supports CDP version 133
]]></system-err>
  </testcase>
  <testcase name="myAccount_ChPas_test[blank values for old, new and confirm password, , , ](2)" classname="demowebshop_seleniumTests.MyaccountPage_test" time="6.03">
    <system-out><![CDATA[blank values for old, new and confirm password:
==>Old password is required.
==>New password is required.
==>Password is required.
]]></system-out>
  </testcase>
  <testcase name="myAccount_ChPas_test[old password mismatch, dfdf, 23442df, 23442df](3)" classname="demowebshop_seleniumTests.MyaccountPage_test" time="8.022">
    <system-out><![CDATA[old password mismatch:
==>Old password doesn't match
]]></system-out>
  </testcase>
  <testcase name="myAccount_ChPas_test[confirm password mismatch, 76dsdjsd, 1223123, sdsdds](4)" classname="demowebshop_seleniumTests.MyaccountPage_test" time="5.987">
    <system-out><![CDATA[confirm password mismatch:
==>The new password and confirmation password do not match.
]]></system-out>
  </testcase>
  <testcase name="add_dlt_address[Sku, K, sku@mail.com, India, Bangalore, sdsfsv, 123456, 1234567890](1)" classname="demowebshop_seleniumTests.MyaccountPage_test" time="19.927">
    <system-out><![CDATA[Successfully added new address..!
Successfully deleted..!
]]></system-out>
  </testcase>
  <testcase name="add_dlt_address[Xml, N, xml@mail.com, India, Hyderabad, dfsfdsf, 423535, 987654321](2)" classname="demowebshop_seleniumTests.MyaccountPage_test" time="21.391">
    <system-out><![CDATA[Successfully added new address..!
Successfully deleted..!
]]></system-out>
  </testcase>
  <testcase name="test_homePagelinks" classname="demowebshop_seleniumTests.HomePage_test" time="8.382"/>
</testsuite>