<?xml version="1.0" encoding="UTF-8"?>
<testng-results ignored="0" total="7" passed="7" failed="0" skipped="0">
  <reporter-output>
  </reporter-output>
  <suite started-at="2025-02-18T15:40:32 IST" name="Functional_TestsSuite" finished-at="2025-02-18T15:42:37 IST" duration-ms="124936">
    <groups>
    </groups>
    <test started-at="2025-02-18T15:40:32 IST" name="EdgeTest" finished-at="2025-02-18T15:40:59 IST" duration-ms="26835">
      <class name="demowebshop_seleniumTests.HomePage_test">
        <test-method is-config="true" signature="setup(java.lang.String)[pri:0, instance:demowebshop_seleniumTests.HomePage_test@5ffead27]" started-at="2025-02-18T15:40:33 IST" name="setup" finished-at="2025-02-18T15:40:45 IST" duration-ms="12223" status="PASS">
          <params>
            <param index="0">
              <value>
                <![CDATA[edge]]>
              </value>
            </param>
          </params>
          <reporter-output>
          </reporter-output>
        </test-method> <!-- setup -->
        <test-method signature="test_homePagelinks()[pri:0, instance:demowebshop_seleniumTests.HomePage_test@5ffead27]" started-at="2025-02-18T15:40:45 IST" name="test_homePagelinks" finished-at="2025-02-18T15:40:53 IST" duration-ms="7937" status="PASS">
          <reporter-output>
          </reporter-output>
        </test-method> <!-- test_homePagelinks -->
        <test-method is-config="true" signature="tear_down()[pri:0, instance:demowebshop_seleniumTests.HomePage_test@5ffead27]" started-at="2025-02-18T15:40:53 IST" name="tear_down" finished-at="2025-02-18T15:40:59 IST" duration-ms="5717" status="PASS">
          <reporter-output>
          </reporter-output>
        </test-method> <!-- tear_down -->
      </class> <!-- demowebshop_seleniumTests.HomePage_test -->
    </test> <!-- EdgeTest -->
    <test started-at="2025-02-18T15:40:32 IST" name="ChromeTest" finished-at="2025-02-18T15:42:37 IST" duration-ms="124935">
      <class name="demowebshop_seleniumTests.MyaccountPage_test">
        <test-method is-config="true" signature="setup(java.lang.String)[pri:0, instance:demowebshop_seleniumTests.MyaccountPage_test@5fe94a96]" started-at="2025-02-18T15:40:34 IST" name="setup" finished-at="2025-02-18T15:40:43 IST" duration-ms="8693" status="PASS">
          <params>
            <param index="0">
              <value>
                <![CDATA[chrome]]>
              </value>
            </param>
          </params>
          <reporter-output>
          </reporter-output>
        </test-method> <!-- setup -->
        <test-method signature="myAccount_ChPas_test(java.lang.String,java.lang.String,java.lang.String,java.lang.String)[pri:1, instance:demowebshop_seleniumTests.MyaccountPage_test@5fe94a96]" started-at="2025-02-18T15:40:43 IST" name="myAccount_ChPas_test" data-provider="get_excelData" finished-at="2025-02-18T15:40:53 IST" duration-ms="9767" status="PASS">
          <params>
            <param index="0">
              <value>
                <![CDATA[New and confirm passwords mismatch]]>
              </value>
            </param>
            <param index="1">
              <value>
                <![CDATA[2345643]]>
              </value>
            </param>
            <param index="2">
              <value>
                <![CDATA[bvhjh]]>
              </value>
            </param>
            <param index="3">
              <value>
                <![CDATA[bjbjb]]>
              </value>
            </param>
          </params>
          <reporter-output>
          </reporter-output>
        </test-method> <!-- myAccount_ChPas_test -->
        <test-method is-config="true" signature="tear_down()[pri:0, instance:demowebshop_seleniumTests.MyaccountPage_test@5fe94a96]" started-at="2025-02-18T15:40:53 IST" name="tear_down" finished-at="2025-02-18T15:40:57 IST" duration-ms="3494" status="PASS">
          <reporter-output>
          </reporter-output>
        </test-method> <!-- tear_down -->
        <test-method is-config="true" signature="setup(java.lang.String)[pri:0, instance:demowebshop_seleniumTests.MyaccountPage_test@5fe94a96]" started-at="2025-02-18T15:40:57 IST" name="setup" finished-at="2025-02-18T15:41:01 IST" duration-ms="4837" status="PASS">
          <params>
            <param index="0">
              <value>
                <![CDATA[chrome]]>
              </value>
            </param>
          </params>
          <reporter-output>
          </reporter-output>
        </test-method> <!-- setup -->
        <test-method signature="myAccount_ChPas_test(java.lang.String,java.lang.String,java.lang.String,java.lang.String)[pri:1, instance:demowebshop_seleniumTests.MyaccountPage_test@5fe94a96]" started-at="2025-02-18T15:41:01 IST" name="myAccount_ChPas_test" data-provider="get_excelData" finished-at="2025-02-18T15:41:07 IST" duration-ms="5833" status="PASS">
          <params>
            <param index="0">
              <value>
                <![CDATA[blank values for old, new and confirm password]]>
              </value>
            </param>
            <param index="1">
              <value>
                <![CDATA[]]>
              </value>
            </param>
            <param index="2">
              <value>
                <![CDATA[]]>
              </value>
            </param>
            <param index="3">
              <value>
                <![CDATA[]]>
              </value>
            </param>
          </params>
          <reporter-output>
          </reporter-output>
        </test-method> <!-- myAccount_ChPas_test -->
        <test-method is-config="true" signature="tear_down()[pri:0, instance:demowebshop_seleniumTests.MyaccountPage_test@5fe94a96]" started-at="2025-02-18T15:41:07 IST" name="tear_down" finished-at="2025-02-18T15:41:11 IST" duration-ms="3621" status="PASS">
          <reporter-output>
          </reporter-output>
        </test-method> <!-- tear_down -->
        <test-method is-config="true" signature="setup(java.lang.String)[pri:0, instance:demowebshop_seleniumTests.MyaccountPage_test@5fe94a96]" started-at="2025-02-18T15:41:11 IST" name="setup" finished-at="2025-02-18T15:41:14 IST" duration-ms="2905" status="PASS">
          <params>
            <param index="0">
              <value>
                <![CDATA[chrome]]>
              </value>
            </param>
          </params>
          <reporter-output>
          </reporter-output>
        </test-method> <!-- setup -->
        <test-method signature="myAccount_ChPas_test(java.lang.String,java.lang.String,java.lang.String,java.lang.String)[pri:1, instance:demowebshop_seleniumTests.MyaccountPage_test@5fe94a96]" started-at="2025-02-18T15:41:14 IST" name="myAccount_ChPas_test" data-provider="get_excelData" finished-at="2025-02-18T15:41:22 IST" duration-ms="7858" status="PASS">
          <params>
            <param index="0">
              <value>
                <![CDATA[old password mismatch]]>
              </value>
            </param>
            <param index="1">
              <value>
                <![CDATA[dfdf]]>
              </value>
            </param>
            <param index="2">
              <value>
                <![CDATA[23442df]]>
              </value>
            </param>
            <param index="3">
              <value>
                <![CDATA[23442df]]>
              </value>
            </param>
          </params>
          <reporter-output>
          </reporter-output>
        </test-method> <!-- myAccount_ChPas_test -->
        <test-method is-config="true" signature="tear_down()[pri:0, instance:demowebshop_seleniumTests.MyaccountPage_test@5fe94a96]" started-at="2025-02-18T15:41:22 IST" name="tear_down" finished-at="2025-02-18T15:41:26 IST" duration-ms="3821" status="PASS">
          <reporter-output>
          </reporter-output>
        </test-method> <!-- tear_down -->
        <test-method is-config="true" signature="setup(java.lang.String)[pri:0, instance:demowebshop_seleniumTests.MyaccountPage_test@5fe94a96]" started-at="2025-02-18T15:41:26 IST" name="setup" finished-at="2025-02-18T15:41:32 IST" duration-ms="6226" status="PASS">
          <params>
            <param index="0">
              <value>
                <![CDATA[chrome]]>
              </value>
            </param>
          </params>
          <reporter-output>
          </reporter-output>
        </test-method> <!-- setup -->
        <test-method signature="myAccount_ChPas_test(java.lang.String,java.lang.String,java.lang.String,java.lang.String)[pri:1, instance:demowebshop_seleniumTests.MyaccountPage_test@5fe94a96]" started-at="2025-02-18T15:41:32 IST" name="myAccount_ChPas_test" data-provider="get_excelData" finished-at="2025-02-18T15:41:38 IST" duration-ms="5780" status="PASS">
          <params>
            <param index="0">
              <value>
                <![CDATA[confirm password mismatch]]>
              </value>
            </param>
            <param index="1">
              <value>
                <![CDATA[76dsdjsd]]>
              </value>
            </param>
            <param index="2">
              <value>
                <![CDATA[1223123]]>
              </value>
            </param>
            <param index="3">
              <value>
                <![CDATA[sdsdds]]>
              </value>
            </param>
          </params>
          <reporter-output>
          </reporter-output>
        </test-method> <!-- myAccount_ChPas_test -->
        <test-method is-config="true" signature="tear_down()[pri:0, instance:demowebshop_seleniumTests.MyaccountPage_test@5fe94a96]" started-at="2025-02-18T15:41:38 IST" name="tear_down" finished-at="2025-02-18T15:41:42 IST" duration-ms="3785" status="PASS">
          <reporter-output>
          </reporter-output>
        </test-method> <!-- tear_down -->
        <test-method is-config="true" signature="setup(java.lang.String)[pri:0, instance:demowebshop_seleniumTests.MyaccountPage_test@5fe94a96]" started-at="2025-02-18T15:41:42 IST" name="setup" finished-at="2025-02-18T15:41:46 IST" duration-ms="4355" status="PASS">
          <params>
            <param index="0">
              <value>
                <![CDATA[chrome]]>
              </value>
            </param>
          </params>
          <reporter-output>
          </reporter-output>
        </test-method> <!-- setup -->
        <test-method signature="add_dlt_address(java.lang.String,java.lang.String,java.lang.String,java.lang.String,java.lang.String,java.lang.String,java.lang.String,java.lang.String)[pri:2, instance:demowebshop_seleniumTests.MyaccountPage_test@5fe94a96]" started-at="2025-02-18T15:41:46 IST" name="add_dlt_address" data-provider="get_excelData" finished-at="2025-02-18T15:41:55 IST" duration-ms="8718" status="PASS">
          <params>
            <param index="0">
              <value>
                <![CDATA[Sku]]>
              </value>
            </param>
            <param index="1">
              <value>
                <![CDATA[K]]>
              </value>
            </param>
            <param index="2">
              <value>
                <![CDATA[sku@mail.com]]>
              </value>
            </param>
            <param index="3">
              <value>
                <![CDATA[India]]>
              </value>
            </param>
            <param index="4">
              <value>
                <![CDATA[Bangalore]]>
              </value>
            </param>
            <param index="5">
              <value>
                <![CDATA[sdsfsv]]>
              </value>
            </param>
            <param index="6">
              <value>
                <![CDATA[123456]]>
              </value>
            </param>
            <param index="7">
              <value>
                <![CDATA[1234567890]]>
              </value>
            </param>
          </params>
          <reporter-output>
          </reporter-output>
        </test-method> <!-- add_dlt_address -->
        <test-method is-config="true" signature="tear_down()[pri:0, instance:demowebshop_seleniumTests.MyaccountPage_test@5fe94a96]" started-at="2025-02-18T15:42:06 IST" name="tear_down" finished-at="2025-02-18T15:42:10 IST" duration-ms="3408" status="PASS">
          <reporter-output>
          </reporter-output>
        </test-method> <!-- tear_down -->
        <test-method is-config="true" signature="setup(java.lang.String)[pri:0, instance:demowebshop_seleniumTests.MyaccountPage_test@5fe94a96]" started-at="2025-02-18T15:42:10 IST" name="setup" finished-at="2025-02-18T15:42:12 IST" duration-ms="2656" status="PASS">
          <params>
            <param index="0">
              <value>
                <![CDATA[chrome]]>
              </value>
            </param>
          </params>
          <reporter-output>
          </reporter-output>
        </test-method> <!-- setup -->
        <test-method signature="add_dlt_address(java.lang.String,java.lang.String,java.lang.String,java.lang.String,java.lang.String,java.lang.String,java.lang.String,java.lang.String)[pri:2, instance:demowebshop_seleniumTests.MyaccountPage_test@5fe94a96]" started-at="2025-02-18T15:42:12 IST" name="add_dlt_address" data-provider="get_excelData" finished-at="2025-02-18T15:42:22 IST" duration-ms="9705" status="PASS">
          <params>
            <param index="0">
              <value>
                <![CDATA[Xml]]>
              </value>
            </param>
            <param index="1">
              <value>
                <![CDATA[N]]>
              </value>
            </param>
            <param index="2">
              <value>
                <![CDATA[xml@mail.com]]>
              </value>
            </param>
            <param index="3">
              <value>
                <![CDATA[India]]>
              </value>
            </param>
            <param index="4">
              <value>
                <![CDATA[Hyderabad]]>
              </value>
            </param>
            <param index="5">
              <value>
                <![CDATA[dfsfdsf]]>
              </value>
            </param>
            <param index="6">
              <value>
                <![CDATA[423535]]>
              </value>
            </param>
            <param index="7">
              <value>
                <![CDATA[987654321]]>
              </value>
            </param>
          </params>
          <reporter-output>
          </reporter-output>
        </test-method> <!-- add_dlt_address -->
        <test-method is-config="true" signature="tear_down()[pri:0, instance:demowebshop_seleniumTests.MyaccountPage_test@5fe94a96]" started-at="2025-02-18T15:42:34 IST" name="tear_down" finished-at="2025-02-18T15:42:37 IST" duration-ms="3375" status="PASS">
          <reporter-output>
          </reporter-output>
        </test-method> <!-- tear_down -->
      </class> <!-- demowebshop_seleniumTests.MyaccountPage_test -->
    </test> <!-- ChromeTest -->
  </suite> <!-- Functional_TestsSuite -->
</testng-results>
