<?xml version="1.0" encoding="UTF-8"?>
<testng-results ignored="0" total="7" passed="7" failed="0" skipped="0">
  <reporter-output>
  </reporter-output>
  <suite started-at="2025-02-18T15:32:33 IST" name="Functional_TestsSuite" finished-at="2025-02-18T15:35:26 IST" duration-ms="173284">
    <groups>
    </groups>
    <test started-at="2025-02-18T15:32:33 IST" name="EdgeTest" finished-at="2025-02-18T15:33:05 IST" duration-ms="32688">
      <class name="demowebshop_seleniumTests.HomePage_test">
        <test-method is-config="true" signature="setup(java.lang.String)[pri:0, instance:demowebshop_seleniumTests.HomePage_test@71d44a3]" started-at="2025-02-18T15:32:33 IST" name="setup" finished-at="2025-02-18T15:32:48 IST" duration-ms="14847" status="PASS">
          <params>
            <param index="0">
              <value>
                <![CDATA[edge]]>
              </value>
            </param>
          </params>
          <reporter-output>
          </reporter-output>
        </test-method> <!-- setup -->
        <test-method signature="test_homePagelinks()[pri:0, instance:demowebshop_seleniumTests.HomePage_test@71d44a3]" started-at="2025-02-18T15:32:48 IST" name="test_homePagelinks" finished-at="2025-02-18T15:33:00 IST" duration-ms="12122" status="PASS">
          <reporter-output>
          </reporter-output>
        </test-method> <!-- test_homePagelinks -->
        <test-method is-config="true" signature="tear_down()[pri:0, instance:demowebshop_seleniumTests.HomePage_test@71d44a3]" started-at="2025-02-18T15:33:00 IST" name="tear_down" finished-at="2025-02-18T15:33:05 IST" duration-ms="5016" status="PASS">
          <reporter-output>
          </reporter-output>
        </test-method> <!-- tear_down -->
      </class> <!-- demowebshop_seleniumTests.HomePage_test -->
    </test> <!-- EdgeTest -->
    <test started-at="2025-02-18T15:32:33 IST" name="ChromeTest" finished-at="2025-02-18T15:35:26 IST" duration-ms="173284">
      <class name="demowebshop_seleniumTests.MyaccountPage_test">
        <test-method is-config="true" signature="setup(java.lang.String)[pri:0, instance:demowebshop_seleniumTests.MyaccountPage_test@5dda768f]" started-at="2025-02-18T15:32:34 IST" name="setup" finished-at="2025-02-18T15:32:41 IST" duration-ms="7250" status="PASS">
          <params>
            <param index="0">
              <value>
                <![CDATA[chrome]]>
              </value>
            </param>
          </params>
          <reporter-output>
          </reporter-output>
        </test-method> <!-- setup -->
        <test-method signature="myAccount_ChPas_test(java.lang.String,java.lang.String,java.lang.String,java.lang.String)[pri:1, instance:demowebshop_seleniumTests.MyaccountPage_test@5dda768f]" started-at="2025-02-18T15:32:41 IST" name="myAccount_ChPas_test" data-provider="get_excelData" finished-at="2025-02-18T15:32:58 IST" duration-ms="16483" status="PASS">
          <params>
            <param index="0">
              <value>
                <![CDATA[New and confirm passwords mismatch]]>
              </value>
            </param>
            <param index="1">
              <value>
                <![CDATA[2345643]]>
              </value>
            </param>
            <param index="2">
              <value>
                <![CDATA[bvhjh]]>
              </value>
            </param>
            <param index="3">
              <value>
                <![CDATA[bjbjb]]>
              </value>
            </param>
          </params>
          <reporter-output>
          </reporter-output>
        </test-method> <!-- myAccount_ChPas_test -->
        <test-method is-config="true" signature="tear_down()[pri:0, instance:demowebshop_seleniumTests.MyaccountPage_test@5dda768f]" started-at="2025-02-18T15:32:58 IST" name="tear_down" finished-at="2025-02-18T15:33:02 IST" duration-ms="3608" status="PASS">
          <reporter-output>
          </reporter-output>
        </test-method> <!-- tear_down -->
        <test-method is-config="true" signature="setup(java.lang.String)[pri:0, instance:demowebshop_seleniumTests.MyaccountPage_test@5dda768f]" started-at="2025-02-18T15:33:02 IST" name="setup" finished-at="2025-02-18T15:33:09 IST" duration-ms="6757" status="PASS">
          <params>
            <param index="0">
              <value>
                <![CDATA[chrome]]>
              </value>
            </param>
          </params>
          <reporter-output>
          </reporter-output>
        </test-method> <!-- setup -->
        <test-method signature="myAccount_ChPas_test(java.lang.String,java.lang.String,java.lang.String,java.lang.String)[pri:1, instance:demowebshop_seleniumTests.MyaccountPage_test@5dda768f]" started-at="2025-02-18T15:33:09 IST" name="myAccount_ChPas_test" data-provider="get_excelData" finished-at="2025-02-18T15:33:17 IST" duration-ms="7990" status="PASS">
          <params>
            <param index="0">
              <value>
                <![CDATA[blank values for old, new and confirm password]]>
              </value>
            </param>
            <param index="1">
              <value>
                <![CDATA[]]>
              </value>
            </param>
            <param index="2">
              <value>
                <![CDATA[]]>
              </value>
            </param>
            <param index="3">
              <value>
                <![CDATA[]]>
              </value>
            </param>
          </params>
          <reporter-output>
          </reporter-output>
        </test-method> <!-- myAccount_ChPas_test -->
        <test-method is-config="true" signature="tear_down()[pri:0, instance:demowebshop_seleniumTests.MyaccountPage_test@5dda768f]" started-at="2025-02-18T15:33:17 IST" name="tear_down" finished-at="2025-02-18T15:33:20 IST" duration-ms="3384" status="PASS">
          <reporter-output>
          </reporter-output>
        </test-method> <!-- tear_down -->
        <test-method is-config="true" signature="setup(java.lang.String)[pri:0, instance:demowebshop_seleniumTests.MyaccountPage_test@5dda768f]" started-at="2025-02-18T15:33:20 IST" name="setup" finished-at="2025-02-18T15:33:28 IST" duration-ms="7835" status="PASS">
          <params>
            <param index="0">
              <value>
                <![CDATA[chrome]]>
              </value>
            </param>
          </params>
          <reporter-output>
          </reporter-output>
        </test-method> <!-- setup -->
        <test-method signature="myAccount_ChPas_test(java.lang.String,java.lang.String,java.lang.String,java.lang.String)[pri:1, instance:demowebshop_seleniumTests.MyaccountPage_test@5dda768f]" started-at="2025-02-18T15:33:28 IST" name="myAccount_ChPas_test" data-provider="get_excelData" finished-at="2025-02-18T15:33:36 IST" duration-ms="8304" status="PASS">
          <params>
            <param index="0">
              <value>
                <![CDATA[old password mismatch]]>
              </value>
            </param>
            <param index="1">
              <value>
                <![CDATA[dfdf]]>
              </value>
            </param>
            <param index="2">
              <value>
                <![CDATA[23442df]]>
              </value>
            </param>
            <param index="3">
              <value>
                <![CDATA[23442df]]>
              </value>
            </param>
          </params>
          <reporter-output>
          </reporter-output>
        </test-method> <!-- myAccount_ChPas_test -->
        <test-method is-config="true" signature="tear_down()[pri:0, instance:demowebshop_seleniumTests.MyaccountPage_test@5dda768f]" started-at="2025-02-18T15:33:37 IST" name="tear_down" finished-at="2025-02-18T15:33:40 IST" duration-ms="3257" status="PASS">
          <reporter-output>
          </reporter-output>
        </test-method> <!-- tear_down -->
        <test-method is-config="true" signature="setup(java.lang.String)[pri:0, instance:demowebshop_seleniumTests.MyaccountPage_test@5dda768f]" started-at="2025-02-18T15:33:40 IST" name="setup" finished-at="2025-02-18T15:33:47 IST" duration-ms="6726" status="PASS">
          <params>
            <param index="0">
              <value>
                <![CDATA[chrome]]>
              </value>
            </param>
          </params>
          <reporter-output>
          </reporter-output>
        </test-method> <!-- setup -->
        <test-method signature="myAccount_ChPas_test(java.lang.String,java.lang.String,java.lang.String,java.lang.String)[pri:1, instance:demowebshop_seleniumTests.MyaccountPage_test@5dda768f]" started-at="2025-02-18T15:33:47 IST" name="myAccount_ChPas_test" data-provider="get_excelData" finished-at="2025-02-18T15:33:54 IST" duration-ms="6989" status="PASS">
          <params>
            <param index="0">
              <value>
                <![CDATA[confirm password mismatch]]>
              </value>
            </param>
            <param index="1">
              <value>
                <![CDATA[76dsdjsd]]>
              </value>
            </param>
            <param index="2">
              <value>
                <![CDATA[1223123]]>
              </value>
            </param>
            <param index="3">
              <value>
                <![CDATA[sdsdds]]>
              </value>
            </param>
          </params>
          <reporter-output>
          </reporter-output>
        </test-method> <!-- myAccount_ChPas_test -->
        <test-method is-config="true" signature="tear_down()[pri:0, instance:demowebshop_seleniumTests.MyaccountPage_test@5dda768f]" started-at="2025-02-18T15:33:54 IST" name="tear_down" finished-at="2025-02-18T15:33:59 IST" duration-ms="5209" status="PASS">
          <reporter-output>
          </reporter-output>
        </test-method> <!-- tear_down -->
        <test-method is-config="true" signature="setup(java.lang.String)[pri:0, instance:demowebshop_seleniumTests.MyaccountPage_test@5dda768f]" started-at="2025-02-18T15:33:59 IST" name="setup" finished-at="2025-02-18T15:34:07 IST" duration-ms="7516" status="PASS">
          <params>
            <param index="0">
              <value>
                <![CDATA[chrome]]>
              </value>
            </param>
          </params>
          <reporter-output>
          </reporter-output>
        </test-method> <!-- setup -->
        <test-method signature="add_dlt_address(java.lang.String,java.lang.String,java.lang.String,java.lang.String,java.lang.String,java.lang.String,java.lang.String,java.lang.String)[pri:2, instance:demowebshop_seleniumTests.MyaccountPage_test@5dda768f]" started-at="2025-02-18T15:34:07 IST" name="add_dlt_address" data-provider="get_excelData" finished-at="2025-02-18T15:34:18 IST" duration-ms="11791" status="PASS">
          <params>
            <param index="0">
              <value>
                <![CDATA[Sku]]>
              </value>
            </param>
            <param index="1">
              <value>
                <![CDATA[K]]>
              </value>
            </param>
            <param index="2">
              <value>
                <![CDATA[sku@mail.com]]>
              </value>
            </param>
            <param index="3">
              <value>
                <![CDATA[India]]>
              </value>
            </param>
            <param index="4">
              <value>
                <![CDATA[Bangalore]]>
              </value>
            </param>
            <param index="5">
              <value>
                <![CDATA[sdsfsv]]>
              </value>
            </param>
            <param index="6">
              <value>
                <![CDATA[123456]]>
              </value>
            </param>
            <param index="7">
              <value>
                <![CDATA[1234567890]]>
              </value>
            </param>
          </params>
          <reporter-output>
          </reporter-output>
        </test-method> <!-- add_dlt_address -->
        <test-method is-config="true" signature="tear_down()[pri:0, instance:demowebshop_seleniumTests.MyaccountPage_test@5dda768f]" started-at="2025-02-18T15:34:30 IST" name="tear_down" finished-at="2025-02-18T15:34:34 IST" duration-ms="3341" status="PASS">
          <reporter-output>
          </reporter-output>
        </test-method> <!-- tear_down -->
        <test-method is-config="true" signature="setup(java.lang.String)[pri:0, instance:demowebshop_seleniumTests.MyaccountPage_test@5dda768f]" started-at="2025-02-18T15:34:34 IST" name="setup" finished-at="2025-02-18T15:34:37 IST" duration-ms="3620" status="PASS">
          <params>
            <param index="0">
              <value>
                <![CDATA[chrome]]>
              </value>
            </param>
          </params>
          <reporter-output>
          </reporter-output>
        </test-method> <!-- setup -->
        <test-method signature="add_dlt_address(java.lang.String,java.lang.String,java.lang.String,java.lang.String,java.lang.String,java.lang.String,java.lang.String,java.lang.String)[pri:2, instance:demowebshop_seleniumTests.MyaccountPage_test@5dda768f]" started-at="2025-02-18T15:34:37 IST" name="add_dlt_address" data-provider="get_excelData" finished-at="2025-02-18T15:34:58 IST" duration-ms="20436" status="PASS">
          <params>
            <param index="0">
              <value>
                <![CDATA[Xml]]>
              </value>
            </param>
            <param index="1">
              <value>
                <![CDATA[N]]>
              </value>
            </param>
            <param index="2">
              <value>
                <![CDATA[xml@mail.com]]>
              </value>
            </param>
            <param index="3">
              <value>
                <![CDATA[India]]>
              </value>
            </param>
            <param index="4">
              <value>
                <![CDATA[Hyderabad]]>
              </value>
            </param>
            <param index="5">
              <value>
                <![CDATA[dfsfdsf]]>
              </value>
            </param>
            <param index="6">
              <value>
                <![CDATA[423535]]>
              </value>
            </param>
            <param index="7">
              <value>
                <![CDATA[987654321]]>
              </value>
            </param>
          </params>
          <reporter-output>
          </reporter-output>
        </test-method> <!-- add_dlt_address -->
        <test-method is-config="true" signature="tear_down()[pri:0, instance:demowebshop_seleniumTests.MyaccountPage_test@5dda768f]" started-at="2025-02-18T15:35:23 IST" name="tear_down" finished-at="2025-02-18T15:35:26 IST" duration-ms="3229" status="PASS">
          <reporter-output>
          </reporter-output>
        </test-method> <!-- tear_down -->
      </class> <!-- demowebshop_seleniumTests.MyaccountPage_test -->
    </test> <!-- ChromeTest -->
  </suite> <!-- Functional_TestsSuite -->
</testng-results>
