<?xml version="1.0" encoding="UTF-8"?>
<!-- Generated by org.testng.reporters.JUnitXMLReporter -->
<testsuite ignored="0" hostname="RAJA" failures="0" tests="6" name="ChromeTest" time="124.935" errors="0" timestamp="2025-02-18T15:42:37 IST">
  <testcase classname="demowebshop_seleniumTests.MyaccountPage_test" name="myAccount_ChPas_test" time="9.767"/>
  <testcase classname="demowebshop_seleniumTests.MyaccountPage_test" name="myAccount_ChPas_test" time="5.833"/>
  <testcase classname="demowebshop_seleniumTests.MyaccountPage_test" name="myAccount_ChPas_test" time="7.858"/>
  <testcase classname="demowebshop_seleniumTests.MyaccountPage_test" name="myAccount_ChPas_test" time="5.78"/>
  <testcase classname="demowebshop_seleniumTests.MyaccountPage_test" name="add_dlt_address" time="8.718"/>
  <testcase classname="demowebshop_seleniumTests.MyaccountPage_test" name="add_dlt_address" time="9.705"/>
</testsuite> <!-- ChromeTest -->
